Determining if the pthread_create exist failed with the following output:
Change Dir: /home/jessparr/ws_moveit/build/moveit_msgs/CMakeFiles/CMakeTmp

Run Build Command:"/usr/bin/make" "cmTC_06ecb/fast"
/usr/bin/make -f CMakeFiles/cmTC_06ecb.dir/build.make CMakeFiles/cmTC_06ecb.dir/build
make[1]: Entering directory '/home/jessparr/ws_moveit/build/moveit_msgs/CMakeFiles/CMakeTmp'
Building C object CMakeFiles/cmTC_06ecb.dir/CheckSymbolExists.c.o
/usr/bin/cc    -o CMakeFiles/cmTC_06ecb.dir/CheckSymbolExists.c.o   -c /home/jessparr/ws_moveit/build/moveit_msgs/CMakeFiles/CMakeTmp/CheckSymbolExists.c
Linking C executable cmTC_06ecb
/usr/bin/cmake -E cmake_link_script CMakeFiles/cmTC_06ecb.dir/link.txt --verbose=1
/usr/bin/cc      -rdynamic CMakeFiles/cmTC_06ecb.dir/CheckSymbolExists.c.o  -o cmTC_06ecb 
CMakeFiles/cmTC_06ecb.dir/CheckSymbolExists.c.o: In function `main':
CheckSymbolExists.c:(.text+0x1b): undefined reference to `pthread_create'
collect2: error: ld returned 1 exit status
CMakeFiles/cmTC_06ecb.dir/build.make:97: recipe for target 'cmTC_06ecb' failed
make[1]: *** [cmTC_06ecb] Error 1
make[1]: Leaving directory '/home/jessparr/ws_moveit/build/moveit_msgs/CMakeFiles/CMakeTmp'
Makefile:126: recipe for target 'cmTC_06ecb/fast' failed
make: *** [cmTC_06ecb/fast] Error 2

File /home/jessparr/ws_moveit/build/moveit_msgs/CMakeFiles/CMakeTmp/CheckSymbolExists.c:
/* */
#include <pthread.h>

int main(int argc, char** argv)
{
  (void)argv;
#ifndef pthread_create
  return ((int*)(&pthread_create))[argc];
#else
  (void)argc;
  return 0;
#endif
}

Determining if the function pthread_create exists in the pthreads failed with the following output:
Change Dir: /home/jessparr/ws_moveit/build/moveit_msgs/CMakeFiles/CMakeTmp

Run Build Command:"/usr/bin/make" "cmTC_4722a/fast"
/usr/bin/make -f CMakeFiles/cmTC_4722a.dir/build.make CMakeFiles/cmTC_4722a.dir/build
make[1]: Entering directory '/home/jessparr/ws_moveit/build/moveit_msgs/CMakeFiles/CMakeTmp'
Building C object CMakeFiles/cmTC_4722a.dir/CheckFunctionExists.c.o
/usr/bin/cc   -DCHECK_FUNCTION_EXISTS=pthread_create   -o CMakeFiles/cmTC_4722a.dir/CheckFunctionExists.c.o   -c /usr/share/cmake-3.10/Modules/CheckFunctionExists.c
Linking C executable cmTC_4722a
/usr/bin/cmake -E cmake_link_script CMakeFiles/cmTC_4722a.dir/link.txt --verbose=1
/usr/bin/cc  -DCHECK_FUNCTION_EXISTS=pthread_create    -rdynamic CMakeFiles/cmTC_4722a.dir/CheckFunctionExists.c.o  -o cmTC_4722a -lpthreads 
/usr/bin/ld: cannot find -lpthreads
collect2: error: ld returned 1 exit status
CMakeFiles/cmTC_4722a.dir/build.make:97: recipe for target 'cmTC_4722a' failed
make[1]: *** [cmTC_4722a] Error 1
make[1]: Leaving directory '/home/jessparr/ws_moveit/build/moveit_msgs/CMakeFiles/CMakeTmp'
Makefile:126: recipe for target 'cmTC_4722a/fast' failed
make: *** [cmTC_4722a/fast] Error 2


