Determining if the pthread_create exist failed with the following output:
Change Dir: /home/jessparr/ws_moveit/build/hugothingy/CMakeFiles/CMakeTmp

Run Build Command:"/usr/bin/make" "cmTC_e7ecd/fast"
/usr/bin/make -f CMakeFiles/cmTC_e7ecd.dir/build.make CMakeFiles/cmTC_e7ecd.dir/build
make[1]: Entering directory '/home/jessparr/ws_moveit/build/hugothingy/CMakeFiles/CMakeTmp'
Building C object CMakeFiles/cmTC_e7ecd.dir/CheckSymbolExists.c.o
/usr/bin/cc    -o CMakeFiles/cmTC_e7ecd.dir/CheckSymbolExists.c.o   -c /home/jessparr/ws_moveit/build/hugothingy/CMakeFiles/CMakeTmp/CheckSymbolExists.c
Linking C executable cmTC_e7ecd
/usr/bin/cmake -E cmake_link_script CMakeFiles/cmTC_e7ecd.dir/link.txt --verbose=1
/usr/bin/cc      -rdynamic CMakeFiles/cmTC_e7ecd.dir/CheckSymbolExists.c.o  -o cmTC_e7ecd 
CMakeFiles/cmTC_e7ecd.dir/CheckSymbolExists.c.o: In function `main':
CheckSymbolExists.c:(.text+0x1b): undefined reference to `pthread_create'
collect2: error: ld returned 1 exit status
CMakeFiles/cmTC_e7ecd.dir/build.make:97: recipe for target 'cmTC_e7ecd' failed
make[1]: *** [cmTC_e7ecd] Error 1
make[1]: Leaving directory '/home/jessparr/ws_moveit/build/hugothingy/CMakeFiles/CMakeTmp'
Makefile:126: recipe for target 'cmTC_e7ecd/fast' failed
make: *** [cmTC_e7ecd/fast] Error 2

File /home/jessparr/ws_moveit/build/hugothingy/CMakeFiles/CMakeTmp/CheckSymbolExists.c:
/* */
#include <pthread.h>

int main(int argc, char** argv)
{
  (void)argv;
#ifndef pthread_create
  return ((int*)(&pthread_create))[argc];
#else
  (void)argc;
  return 0;
#endif
}

Determining if the function pthread_create exists in the pthreads failed with the following output:
Change Dir: /home/jessparr/ws_moveit/build/hugothingy/CMakeFiles/CMakeTmp

Run Build Command:"/usr/bin/make" "cmTC_273ef/fast"
/usr/bin/make -f CMakeFiles/cmTC_273ef.dir/build.make CMakeFiles/cmTC_273ef.dir/build
make[1]: Entering directory '/home/jessparr/ws_moveit/build/hugothingy/CMakeFiles/CMakeTmp'
Building C object CMakeFiles/cmTC_273ef.dir/CheckFunctionExists.c.o
/usr/bin/cc   -DCHECK_FUNCTION_EXISTS=pthread_create   -o CMakeFiles/cmTC_273ef.dir/CheckFunctionExists.c.o   -c /usr/share/cmake-3.10/Modules/CheckFunctionExists.c
Linking C executable cmTC_273ef
/usr/bin/cmake -E cmake_link_script CMakeFiles/cmTC_273ef.dir/link.txt --verbose=1
/usr/bin/cc  -DCHECK_FUNCTION_EXISTS=pthread_create    -rdynamic CMakeFiles/cmTC_273ef.dir/CheckFunctionExists.c.o  -o cmTC_273ef -lpthreads 
/usr/bin/ld: cannot find -lpthreads
collect2: error: ld returned 1 exit status
CMakeFiles/cmTC_273ef.dir/build.make:97: recipe for target 'cmTC_273ef' failed
make[1]: *** [cmTC_273ef] Error 1
make[1]: Leaving directory '/home/jessparr/ws_moveit/build/hugothingy/CMakeFiles/CMakeTmp'
Makefile:126: recipe for target 'cmTC_273ef/fast' failed
make: *** [cmTC_273ef/fast] Error 2


