Determining if the pthread_create exist failed with the following output:
Change Dir: /home/jessparr/ws_moveit/build/moveit_ros_occupancy_map_monitor/CMakeFiles/CMakeTmp

Run Build Command:"/usr/bin/make" "cmTC_ded94/fast"
/usr/bin/make -f CMakeFiles/cmTC_ded94.dir/build.make CMakeFiles/cmTC_ded94.dir/build
make[1]: Entering directory '/home/jessparr/ws_moveit/build/moveit_ros_occupancy_map_monitor/CMakeFiles/CMakeTmp'
Building C object CMakeFiles/cmTC_ded94.dir/CheckSymbolExists.c.o
/usr/bin/cc    -o CMakeFiles/cmTC_ded94.dir/CheckSymbolExists.c.o   -c /home/jessparr/ws_moveit/build/moveit_ros_occupancy_map_monitor/CMakeFiles/CMakeTmp/CheckSymbolExists.c
Linking C executable cmTC_ded94
/usr/bin/cmake -E cmake_link_script CMakeFiles/cmTC_ded94.dir/link.txt --verbose=1
/usr/bin/cc      -rdynamic CMakeFiles/cmTC_ded94.dir/CheckSymbolExists.c.o  -o cmTC_ded94 
CMakeFiles/cmTC_ded94.dir/CheckSymbolExists.c.o: In function `main':
CheckSymbolExists.c:(.text+0x1b): undefined reference to `pthread_create'
collect2: error: ld returned 1 exit status
CMakeFiles/cmTC_ded94.dir/build.make:97: recipe for target 'cmTC_ded94' failed
make[1]: *** [cmTC_ded94] Error 1
make[1]: Leaving directory '/home/jessparr/ws_moveit/build/moveit_ros_occupancy_map_monitor/CMakeFiles/CMakeTmp'
Makefile:126: recipe for target 'cmTC_ded94/fast' failed
make: *** [cmTC_ded94/fast] Error 2

File /home/jessparr/ws_moveit/build/moveit_ros_occupancy_map_monitor/CMakeFiles/CMakeTmp/CheckSymbolExists.c:
/* */
#include <pthread.h>

int main(int argc, char** argv)
{
  (void)argv;
#ifndef pthread_create
  return ((int*)(&pthread_create))[argc];
#else
  (void)argc;
  return 0;
#endif
}

Determining if the function pthread_create exists in the pthreads failed with the following output:
Change Dir: /home/jessparr/ws_moveit/build/moveit_ros_occupancy_map_monitor/CMakeFiles/CMakeTmp

Run Build Command:"/usr/bin/make" "cmTC_ec858/fast"
/usr/bin/make -f CMakeFiles/cmTC_ec858.dir/build.make CMakeFiles/cmTC_ec858.dir/build
make[1]: Entering directory '/home/jessparr/ws_moveit/build/moveit_ros_occupancy_map_monitor/CMakeFiles/CMakeTmp'
Building C object CMakeFiles/cmTC_ec858.dir/CheckFunctionExists.c.o
/usr/bin/cc   -DCHECK_FUNCTION_EXISTS=pthread_create   -o CMakeFiles/cmTC_ec858.dir/CheckFunctionExists.c.o   -c /usr/share/cmake-3.10/Modules/CheckFunctionExists.c
Linking C executable cmTC_ec858
/usr/bin/cmake -E cmake_link_script CMakeFiles/cmTC_ec858.dir/link.txt --verbose=1
/usr/bin/cc  -DCHECK_FUNCTION_EXISTS=pthread_create    -rdynamic CMakeFiles/cmTC_ec858.dir/CheckFunctionExists.c.o  -o cmTC_ec858 -lpthreads 
/usr/bin/ld: cannot find -lpthreads
collect2: error: ld returned 1 exit status
CMakeFiles/cmTC_ec858.dir/build.make:97: recipe for target 'cmTC_ec858' failed
make[1]: *** [cmTC_ec858] Error 1
make[1]: Leaving directory '/home/jessparr/ws_moveit/build/moveit_ros_occupancy_map_monitor/CMakeFiles/CMakeTmp'
Makefile:126: recipe for target 'cmTC_ec858/fast' failed
make: *** [cmTC_ec858/fast] Error 2


