Determining if the pthread_create exist failed with the following output:
Change Dir: /home/jessparr/ws_moveit/build/moveit_visual_tools/CMakeFiles/CMakeTmp

Run Build Command:"/usr/bin/make" "cmTC_646a7/fast"
/usr/bin/make -f CMakeFiles/cmTC_646a7.dir/build.make CMakeFiles/cmTC_646a7.dir/build
make[1]: Entering directory '/home/jessparr/ws_moveit/build/moveit_visual_tools/CMakeFiles/CMakeTmp'
Building C object CMakeFiles/cmTC_646a7.dir/CheckSymbolExists.c.o
/usr/bin/cc    -o CMakeFiles/cmTC_646a7.dir/CheckSymbolExists.c.o   -c /home/jessparr/ws_moveit/build/moveit_visual_tools/CMakeFiles/CMakeTmp/CheckSymbolExists.c
Linking C executable cmTC_646a7
/usr/bin/cmake -E cmake_link_script CMakeFiles/cmTC_646a7.dir/link.txt --verbose=1
/usr/bin/cc      -rdynamic CMakeFiles/cmTC_646a7.dir/CheckSymbolExists.c.o  -o cmTC_646a7 
CMakeFiles/cmTC_646a7.dir/CheckSymbolExists.c.o: In function `main':
CheckSymbolExists.c:(.text+0x1b): undefined reference to `pthread_create'
collect2: error: ld returned 1 exit status
CMakeFiles/cmTC_646a7.dir/build.make:97: recipe for target 'cmTC_646a7' failed
make[1]: *** [cmTC_646a7] Error 1
make[1]: Leaving directory '/home/jessparr/ws_moveit/build/moveit_visual_tools/CMakeFiles/CMakeTmp'
Makefile:126: recipe for target 'cmTC_646a7/fast' failed
make: *** [cmTC_646a7/fast] Error 2

File /home/jessparr/ws_moveit/build/moveit_visual_tools/CMakeFiles/CMakeTmp/CheckSymbolExists.c:
/* */
#include <pthread.h>

int main(int argc, char** argv)
{
  (void)argv;
#ifndef pthread_create
  return ((int*)(&pthread_create))[argc];
#else
  (void)argc;
  return 0;
#endif
}

Determining if the function pthread_create exists in the pthreads failed with the following output:
Change Dir: /home/jessparr/ws_moveit/build/moveit_visual_tools/CMakeFiles/CMakeTmp

Run Build Command:"/usr/bin/make" "cmTC_34acb/fast"
/usr/bin/make -f CMakeFiles/cmTC_34acb.dir/build.make CMakeFiles/cmTC_34acb.dir/build
make[1]: Entering directory '/home/jessparr/ws_moveit/build/moveit_visual_tools/CMakeFiles/CMakeTmp'
Building C object CMakeFiles/cmTC_34acb.dir/CheckFunctionExists.c.o
/usr/bin/cc   -DCHECK_FUNCTION_EXISTS=pthread_create   -o CMakeFiles/cmTC_34acb.dir/CheckFunctionExists.c.o   -c /usr/share/cmake-3.10/Modules/CheckFunctionExists.c
Linking C executable cmTC_34acb
/usr/bin/cmake -E cmake_link_script CMakeFiles/cmTC_34acb.dir/link.txt --verbose=1
/usr/bin/cc  -DCHECK_FUNCTION_EXISTS=pthread_create    -rdynamic CMakeFiles/cmTC_34acb.dir/CheckFunctionExists.c.o  -o cmTC_34acb -lpthreads 
/usr/bin/ld: cannot find -lpthreads
collect2: error: ld returned 1 exit status
CMakeFiles/cmTC_34acb.dir/build.make:97: recipe for target 'cmTC_34acb' failed
make[1]: *** [cmTC_34acb] Error 1
make[1]: Leaving directory '/home/jessparr/ws_moveit/build/moveit_visual_tools/CMakeFiles/CMakeTmp'
Makefile:126: recipe for target 'cmTC_34acb/fast' failed
make: *** [cmTC_34acb/fast] Error 2


