[  6%] Built target moveit_ros_planning_gencfg
[  9%] Built target moveit_rdf_loader
[ 13%] Built target moveit_collision_plugin_loader
[ 16%] Built target moveit_constraint_sampler_manager_loader
[ 19%] Built target moveit_planning_pipeline
[ 22%] Built target moveit_list_request_adapter_plugins
[ 26%] Built target moveit_kinematics_plugin_loader
[ 42%] Built target moveit_default_planning_request_adapter_plugins
[ 45%] Built target moveit_robot_model_loader
[ 49%] Built target moveit_evaluate_state_operations_speed
[ 55%] Built target moveit_planning_scene_monitor
[ 59%] Built target moveit_kinematics_speed_and_validity_evaluator
[ 62%] Built target moveit_print_planning_model_info
[ 65%] Built target demo_scene
[ 68%] Built target moveit_print_planning_scene_info
[ 72%] Built target moveit_evaluate_collision_checking_speed
[ 75%] Built target moveit_publish_scene_from_text
[ 78%] Built target moveit_display_random_state
[ 81%] Built target moveit_visualize_robot_collision_volume
[ 85%] Built target moveit_compare_collision_checking_speed_fcl_bullet
[ 88%] Built target moveit_trajectory_execution_manager
[ 91%] Built target test_controller_manager_plugin
[ 95%] Built target test_controller_manager
[100%] Built target moveit_plan_execution
