Determining if the pthread_create exist failed with the following output:
Change Dir: /home/jessparr/ws_moveit/build/drchubo/CMakeFiles/CMakeTmp

Run Build Command:"/usr/bin/make" "cmTC_00e1b/fast"
/usr/bin/make -f CMakeFiles/cmTC_00e1b.dir/build.make CMakeFiles/cmTC_00e1b.dir/build
make[1]: Entering directory '/home/jessparr/ws_moveit/build/drchubo/CMakeFiles/CMakeTmp'
Building C object CMakeFiles/cmTC_00e1b.dir/CheckSymbolExists.c.o
/usr/bin/cc    -o CMakeFiles/cmTC_00e1b.dir/CheckSymbolExists.c.o   -c /home/jessparr/ws_moveit/build/drchubo/CMakeFiles/CMakeTmp/CheckSymbolExists.c
Linking C executable cmTC_00e1b
/usr/bin/cmake -E cmake_link_script CMakeFiles/cmTC_00e1b.dir/link.txt --verbose=1
/usr/bin/cc      -rdynamic CMakeFiles/cmTC_00e1b.dir/CheckSymbolExists.c.o  -o cmTC_00e1b 
CMakeFiles/cmTC_00e1b.dir/CheckSymbolExists.c.o: In function `main':
CheckSymbolExists.c:(.text+0x1b): undefined reference to `pthread_create'
collect2: error: ld returned 1 exit status
CMakeFiles/cmTC_00e1b.dir/build.make:97: recipe for target 'cmTC_00e1b' failed
make[1]: *** [cmTC_00e1b] Error 1
make[1]: Leaving directory '/home/jessparr/ws_moveit/build/drchubo/CMakeFiles/CMakeTmp'
Makefile:126: recipe for target 'cmTC_00e1b/fast' failed
make: *** [cmTC_00e1b/fast] Error 2

File /home/jessparr/ws_moveit/build/drchubo/CMakeFiles/CMakeTmp/CheckSymbolExists.c:
/* */
#include <pthread.h>

int main(int argc, char** argv)
{
  (void)argv;
#ifndef pthread_create
  return ((int*)(&pthread_create))[argc];
#else
  (void)argc;
  return 0;
#endif
}

Determining if the function pthread_create exists in the pthreads failed with the following output:
Change Dir: /home/jessparr/ws_moveit/build/drchubo/CMakeFiles/CMakeTmp

Run Build Command:"/usr/bin/make" "cmTC_1c7aa/fast"
/usr/bin/make -f CMakeFiles/cmTC_1c7aa.dir/build.make CMakeFiles/cmTC_1c7aa.dir/build
make[1]: Entering directory '/home/jessparr/ws_moveit/build/drchubo/CMakeFiles/CMakeTmp'
Building C object CMakeFiles/cmTC_1c7aa.dir/CheckFunctionExists.c.o
/usr/bin/cc   -DCHECK_FUNCTION_EXISTS=pthread_create   -o CMakeFiles/cmTC_1c7aa.dir/CheckFunctionExists.c.o   -c /usr/share/cmake-3.10/Modules/CheckFunctionExists.c
Linking C executable cmTC_1c7aa
/usr/bin/cmake -E cmake_link_script CMakeFiles/cmTC_1c7aa.dir/link.txt --verbose=1
/usr/bin/cc  -DCHECK_FUNCTION_EXISTS=pthread_create    -rdynamic CMakeFiles/cmTC_1c7aa.dir/CheckFunctionExists.c.o  -o cmTC_1c7aa -lpthreads 
/usr/bin/ld: cannot find -lpthreads
collect2: error: ld returned 1 exit status
CMakeFiles/cmTC_1c7aa.dir/build.make:97: recipe for target 'cmTC_1c7aa' failed
make[1]: *** [cmTC_1c7aa] Error 1
make[1]: Leaving directory '/home/jessparr/ws_moveit/build/drchubo/CMakeFiles/CMakeTmp'
Makefile:126: recipe for target 'cmTC_1c7aa/fast' failed
make: *** [cmTC_1c7aa/fast] Error 2


