[  0%] Built target std_msgs_generate_messages_eus
[  0%] Built target geometry_msgs_generate_messages_eus
[  0%] Built target std_msgs_generate_messages_py
[  0%] Built target sensor_msgs_generate_messages_lisp
[  0%] Built target std_msgs_generate_messages_cpp
[  0%] Built target sensor_msgs_generate_messages_nodejs
[  0%] Built target sensor_msgs_generate_messages_py
[  0%] Built target sensor_msgs_generate_messages_cpp
[  0%] Built target std_msgs_generate_messages_lisp
[  0%] Built target geometry_msgs_generate_messages_lisp
[  0%] Built target geometry_msgs_generate_messages_nodejs
[  0%] Built target sensor_msgs_generate_messages_eus
[  0%] Built target geometry_msgs_generate_messages_py
[  0%] Built target std_msgs_generate_messages_nodejs
[  0%] Built target geometry_msgs_generate_messages_cpp
[ 10%] Built target moveit_point_containment_filter
[ 10%] Built target visualization_msgs_generate_messages_lisp
[ 40%] Built target moveit_mesh_filter
[ 40%] Built target rosgraph_msgs_generate_messages_cpp
[ 40%] Built target visualization_msgs_generate_messages_py
[ 40%] Built target object_recognition_msgs_generate_messages_nodejs
[ 40%] Built target visualization_msgs_generate_messages_eus
[ 40%] Built target shape_msgs_generate_messages_nodejs
[ 40%] Built target shape_msgs_generate_messages_lisp
[ 40%] Built target actionlib_generate_messages_nodejs
[ 40%] Built target shape_msgs_generate_messages_cpp
[ 40%] Built target visualization_msgs_generate_messages_nodejs
[ 40%] Built target trajectory_msgs_generate_messages_py
[ 40%] Built target actionlib_msgs_generate_messages_nodejs
[ 40%] Built target roscpp_generate_messages_py
[ 40%] Built target shape_msgs_generate_messages_eus
[ 40%] Built target trajectory_msgs_generate_messages_eus
[ 40%] Built target roscpp_generate_messages_cpp
[ 40%] Built target moveit_msgs_generate_messages_nodejs
[ 40%] Built target object_recognition_msgs_generate_messages_eus
[ 40%] Built target actionlib_generate_messages_cpp
[ 40%] Built target octomap_msgs_generate_messages_eus
[ 40%] Built target roscpp_generate_messages_nodejs
[ 40%] Built target rosgraph_msgs_generate_messages_lisp
[ 40%] Built target object_recognition_msgs_generate_messages_lisp
[ 40%] Built target rosgraph_msgs_generate_messages_nodejs
[ 40%] Built target moveit_msgs_generate_messages_cpp
[ 40%] Built target moveit_msgs_generate_messages_eus
[ 40%] Built target moveit_msgs_generate_messages_lisp
[ 40%] Built target moveit_msgs_generate_messages_py
[ 40%] Built target actionlib_generate_messages_eus
[ 40%] Built target rosgraph_msgs_generate_messages_py
[ 40%] Built target roscpp_generate_messages_eus
[ 40%] Built target actionlib_msgs_generate_messages_cpp
[ 40%] Built target actionlib_msgs_generate_messages_eus
[ 40%] Built target actionlib_msgs_generate_messages_lisp
[ 40%] Built target octomap_msgs_generate_messages_cpp
[ 40%] Built target shape_msgs_generate_messages_py
[ 40%] Built target actionlib_msgs_generate_messages_py
[ 40%] Built target trajectory_msgs_generate_messages_lisp
[ 40%] Built target trajectory_msgs_generate_messages_cpp
[ 40%] Built target trajectory_msgs_generate_messages_nodejs
[ 40%] Built target rosgraph_msgs_generate_messages_eus
[ 40%] Built target object_recognition_msgs_generate_messages_cpp
[ 40%] Built target octomap_msgs_generate_messages_lisp
[ 40%] Built target roscpp_generate_messages_lisp
[ 40%] Built target object_recognition_msgs_generate_messages_py
[ 40%] Built target octomap_msgs_generate_messages_nodejs
[ 40%] Built target actionlib_generate_messages_py
[ 40%] Built target tf2_msgs_generate_messages_lisp
[ 40%] Built target tf2_msgs_generate_messages_py
[ 40%] Built target octomap_msgs_generate_messages_py
[ 40%] Built target tf2_msgs_generate_messages_cpp
[ 40%] Built target actionlib_generate_messages_lisp
[ 40%] Built target visualization_msgs_generate_messages_cpp
[ 40%] Built target tf2_msgs_generate_messages_eus
[ 40%] Built target tf2_msgs_generate_messages_nodejs
[ 50%] Built target moveit_lazy_free_space_updater
[ 60%] Built target moveit_pointcloud_octomap_updater_core
[ 70%] Built target moveit_semantic_world
[ 80%] Built target moveit_depth_image_octomap_updater_core
[ 90%] Built target moveit_pointcloud_octomap_updater
[100%] Built target moveit_depth_image_octomap_updater
