Determining if the pthread_create exist failed with the following output:
Change Dir: /home/jessparr/ws_moveit/build/moveit_simple_controller_manager/CMakeFiles/CMakeTmp

Run Build Command:"/usr/bin/make" "cmTC_29187/fast"
/usr/bin/make -f CMakeFiles/cmTC_29187.dir/build.make CMakeFiles/cmTC_29187.dir/build
make[1]: Entering directory '/home/jessparr/ws_moveit/build/moveit_simple_controller_manager/CMakeFiles/CMakeTmp'
Building C object CMakeFiles/cmTC_29187.dir/CheckSymbolExists.c.o
/usr/bin/cc    -o CMakeFiles/cmTC_29187.dir/CheckSymbolExists.c.o   -c /home/jessparr/ws_moveit/build/moveit_simple_controller_manager/CMakeFiles/CMakeTmp/CheckSymbolExists.c
Linking C executable cmTC_29187
/usr/bin/cmake -E cmake_link_script CMakeFiles/cmTC_29187.dir/link.txt --verbose=1
/usr/bin/cc      -rdynamic CMakeFiles/cmTC_29187.dir/CheckSymbolExists.c.o  -o cmTC_29187 
CMakeFiles/cmTC_29187.dir/CheckSymbolExists.c.o: In function `main':
CheckSymbolExists.c:(.text+0x1b): undefined reference to `pthread_create'
collect2: error: ld returned 1 exit status
CMakeFiles/cmTC_29187.dir/build.make:97: recipe for target 'cmTC_29187' failed
make[1]: *** [cmTC_29187] Error 1
make[1]: Leaving directory '/home/jessparr/ws_moveit/build/moveit_simple_controller_manager/CMakeFiles/CMakeTmp'
Makefile:126: recipe for target 'cmTC_29187/fast' failed
make: *** [cmTC_29187/fast] Error 2

File /home/jessparr/ws_moveit/build/moveit_simple_controller_manager/CMakeFiles/CMakeTmp/CheckSymbolExists.c:
/* */
#include <pthread.h>

int main(int argc, char** argv)
{
  (void)argv;
#ifndef pthread_create
  return ((int*)(&pthread_create))[argc];
#else
  (void)argc;
  return 0;
#endif
}

Determining if the function pthread_create exists in the pthreads failed with the following output:
Change Dir: /home/jessparr/ws_moveit/build/moveit_simple_controller_manager/CMakeFiles/CMakeTmp

Run Build Command:"/usr/bin/make" "cmTC_878d5/fast"
/usr/bin/make -f CMakeFiles/cmTC_878d5.dir/build.make CMakeFiles/cmTC_878d5.dir/build
make[1]: Entering directory '/home/jessparr/ws_moveit/build/moveit_simple_controller_manager/CMakeFiles/CMakeTmp'
Building C object CMakeFiles/cmTC_878d5.dir/CheckFunctionExists.c.o
/usr/bin/cc   -DCHECK_FUNCTION_EXISTS=pthread_create   -o CMakeFiles/cmTC_878d5.dir/CheckFunctionExists.c.o   -c /usr/share/cmake-3.10/Modules/CheckFunctionExists.c
Linking C executable cmTC_878d5
/usr/bin/cmake -E cmake_link_script CMakeFiles/cmTC_878d5.dir/link.txt --verbose=1
/usr/bin/cc  -DCHECK_FUNCTION_EXISTS=pthread_create    -rdynamic CMakeFiles/cmTC_878d5.dir/CheckFunctionExists.c.o  -o cmTC_878d5 -lpthreads 
/usr/bin/ld: cannot find -lpthreads
collect2: error: ld returned 1 exit status
CMakeFiles/cmTC_878d5.dir/build.make:97: recipe for target 'cmTC_878d5' failed
make[1]: *** [cmTC_878d5] Error 1
make[1]: Leaving directory '/home/jessparr/ws_moveit/build/moveit_simple_controller_manager/CMakeFiles/CMakeTmp'
Makefile:126: recipe for target 'cmTC_878d5/fast' failed
make: *** [cmTC_878d5/fast] Error 2


