[  0%] Built target std_srvs_generate_messages_py
[  0%] Built target moveit_ros_manipulation_gencfg
[  8%] Built target moveit_py_bindings_tools
[ 17%] Built target moveit_common_planning_interface_objects
[ 17%] Built target tf_generate_messages_lisp
[ 17%] Built target tf2_msgs_generate_messages_nodejs
[ 17%] Built target tf2_msgs_generate_messages_cpp
[ 17%] Built target trajectory_msgs_generate_messages_lisp
[ 17%] Built target geometry_msgs_generate_messages_lisp
[ 17%] Built target geometry_msgs_generate_messages_eus
[ 17%] Built target moveit_ros_planning_gencfg
[ 17%] Built target trajectory_msgs_generate_messages_eus
[ 17%] Built target roscpp_generate_messages_py
[ 17%] Built target object_recognition_msgs_generate_messages_eus
[ 17%] Built target octomap_msgs_generate_messages_eus
[ 17%] Built target actionlib_generate_messages_cpp
[ 17%] Built target roscpp_generate_messages_cpp
[ 17%] Built target sensor_msgs_generate_messages_lisp
[ 17%] Built target std_srvs_generate_messages_cpp
[ 17%] Built target std_srvs_generate_messages_lisp
[ 17%] Built target _catkin_empty_exported_target
[ 17%] Built target sensor_msgs_generate_messages_eus
[ 17%] Built target actionlib_msgs_generate_messages_lisp
[ 17%] Built target octomap_msgs_generate_messages_cpp
[ 17%] Built target geometry_msgs_generate_messages_py
[ 17%] Built target moveit_msgs_generate_messages_eus
[ 17%] Built target moveit_msgs_generate_messages_py
[ 17%] Built target tf_generate_messages_eus
[ 17%] Built target actionlib_generate_messages_eus
[ 17%] Built target actionlib_msgs_generate_messages_cpp
[ 17%] Built target std_msgs_generate_messages_cpp
[ 17%] Built target moveit_msgs_generate_messages_nodejs
[ 17%] Built target sensor_msgs_generate_messages_nodejs
[ 17%] Built target actionlib_msgs_generate_messages_nodejs
[ 17%] Built target visualization_msgs_generate_messages_nodejs
[ 17%] Built target trajectory_msgs_generate_messages_py
[ 17%] Built target visualization_msgs_generate_messages_lisp
[ 17%] Built target std_msgs_generate_messages_eus
[ 17%] Built target object_recognition_msgs_generate_messages_lisp
[ 17%] Built target geometry_msgs_generate_messages_nodejs
[ 17%] Built target actionlib_msgs_generate_messages_py
[ 17%] Built target trajectory_msgs_generate_messages_nodejs
[ 17%] Built target moveit_msgs_generate_messages_lisp
[ 17%] Built target sensor_msgs_generate_messages_py
[ 17%] Built target shape_msgs_generate_messages_py
[ 17%] Built target std_msgs_generate_messages_py
[ 17%] Built target trajectory_msgs_generate_messages_cpp
[ 17%] Built target sensor_msgs_generate_messages_cpp
[ 17%] Built target roscpp_generate_messages_nodejs
[ 17%] Built target std_msgs_generate_messages_lisp
[ 17%] Built target moveit_msgs_generate_messages_cpp
[ 17%] Built target tf_generate_messages_cpp
[ 17%] Built target actionlib_generate_messages_nodejs
[ 17%] Built target std_msgs_generate_messages_nodejs
[ 17%] Built target shape_msgs_generate_messages_cpp
[ 17%] Built target dynamic_reconfigure_generate_messages_eus
[ 17%] Built target shape_msgs_generate_messages_eus
[ 17%] Built target shape_msgs_generate_messages_nodejs
[ 17%] Built target tf2_msgs_generate_messages_py
[ 17%] Built target actionlib_generate_messages_py
[ 17%] Built target object_recognition_msgs_generate_messages_nodejs
[ 17%] Built target tf2_msgs_generate_messages_eus
[ 17%] Built target visualization_msgs_generate_messages_cpp
[ 17%] Built target std_srvs_generate_messages_nodejs
[ 17%] Built target object_recognition_msgs_generate_messages_py
[ 17%] Built target octomap_msgs_generate_messages_nodejs
[ 17%] Built target tf_generate_messages_nodejs
[ 17%] Built target octomap_msgs_generate_messages_py
[ 17%] Built target geometry_msgs_generate_messages_cpp
[ 17%] Built target actionlib_generate_messages_lisp
[ 17%] Built target std_srvs_generate_messages_eus
[ 17%] Built target octomap_msgs_generate_messages_lisp
[ 17%] Built target roscpp_generate_messages_lisp
[ 17%] Built target rosgraph_msgs_generate_messages_cpp
[ 17%] Built target tf_generate_messages_py
[ 17%] Built target dynamic_reconfigure_generate_messages_cpp
[ 17%] Built target object_recognition_msgs_generate_messages_cpp
[ 17%] Built target rosgraph_msgs_generate_messages_eus
[ 17%] Built target rosgraph_msgs_generate_messages_lisp
[ 17%] Built target rosgraph_msgs_generate_messages_nodejs
[ 17%] Built target roscpp_generate_messages_eus
[ 17%] Built target actionlib_msgs_generate_messages_eus
[ 17%] Built target rosgraph_msgs_generate_messages_py
[ 17%] Built target dynamic_reconfigure_generate_messages_lisp
[ 17%] Built target dynamic_reconfigure_generate_messages_nodejs
[ 17%] Built target visualization_msgs_generate_messages_py
[ 17%] Built target shape_msgs_generate_messages_lisp
[ 17%] Built target dynamic_reconfigure_generate_messages_py
[ 17%] Built target dynamic_reconfigure_gencfg
[ 17%] Built target tf2_msgs_generate_messages_lisp
[ 17%] Built target visualization_msgs_generate_messages_eus
[ 26%] Built target moveit_robot_interface_python
[ 34%] Built target moveit_py_bindings_tools_python
[ 43%] Built target moveit_planning_scene_interface
[ 52%] Built target moveit_planning_scene_interface_python
[ 60%] Built target moveit_move_group_interface
[ 73%] Built target moveit_cpp
[ 82%] Built target demo
[ 91%] Built target test_cleanup
[100%] Built target moveit_move_group_interface_python
