[  0%] Built target std_msgs_generate_messages_eus
[  3%] Built target moveit_version
[  6%] Built target moveit_profiler
[  6%] Built target moveit_exceptions
[  6%] Built target rosgraph_msgs_generate_messages_cpp
[  6%] Built target geometry_msgs_generate_messages_eus
[  6%] Built target _catkin_empty_exported_target
[  6%] Built target sensor_msgs_generate_messages_eus
[  6%] Built target actionlib_msgs_generate_messages_lisp
[  6%] Built target actionlib_msgs_generate_messages_py
[  6%] Built target octomap_msgs_generate_messages_cpp
[  6%] Built target actionlib_msgs_generate_messages_cpp
[  6%] Built target rosgraph_msgs_generate_messages_eus
[  6%] Built target object_recognition_msgs_generate_messages_cpp
[  6%] Built target actionlib_generate_messages_nodejs
[  6%] Built target shape_msgs_generate_messages_cpp
[  6%] Built target moveit_msgs_generate_messages_py
[  6%] Built target actionlib_generate_messages_eus
[  6%] Built target actionlib_generate_messages_lisp
[  6%] Built target geometry_msgs_generate_messages_cpp
[  6%] Built target geometry_msgs_generate_messages_lisp
[  6%] Built target sensor_msgs_generate_messages_lisp
[  6%] Built target std_msgs_generate_messages_cpp
[  6%] Built target visualization_msgs_generate_messages_nodejs
[  6%] Built target actionlib_msgs_generate_messages_nodejs
[  6%] Built target roscpp_generate_messages_py
[  6%] Built target trajectory_msgs_generate_messages_eus
[  6%] Built target roscpp_generate_messages_eus
[  6%] Built target actionlib_msgs_generate_messages_eus
[  6%] Built target rosgraph_msgs_generate_messages_py
[  6%] Built target rosgraph_msgs_generate_messages_nodejs
[  6%] Built target trajectory_msgs_generate_messages_py
[  6%] Built target roscpp_generate_messages_cpp
[  6%] Built target actionlib_generate_messages_cpp
[  6%] Built target moveit_msgs_generate_messages_nodejs
[  6%] Built target sensor_msgs_generate_messages_nodejs
[  6%] Built target object_recognition_msgs_generate_messages_eus
[  6%] Built target octomap_msgs_generate_messages_eus
[  6%] Built target object_recognition_msgs_generate_messages_lisp
[  6%] Built target geometry_msgs_generate_messages_nodejs
[  6%] Built target geometry_msgs_generate_messages_py
[  6%] Built target rosgraph_msgs_generate_messages_lisp
[  6%] Built target roscpp_generate_messages_nodejs
[  6%] Built target std_msgs_generate_messages_lisp
[  6%] Built target std_msgs_generate_messages_py
[  6%] Built target tf2_msgs_generate_messages_cpp
[  6%] Built target tf2_msgs_generate_messages_lisp
[  6%] Built target actionlib_generate_messages_py
[  6%] Built target tf2_msgs_generate_messages_py
[  6%] Built target tf2_msgs_generate_messages_nodejs
[  6%] Built target shape_msgs_generate_messages_eus
[  6%] Built target shape_msgs_generate_messages_lisp
[  6%] Built target shape_msgs_generate_messages_nodejs
[  6%] Built target tf2_msgs_generate_messages_eus
[  6%] Built target visualization_msgs_generate_messages_cpp
[  6%] Built target object_recognition_msgs_generate_messages_nodejs
[  6%] Built target octomap_msgs_generate_messages_nodejs
[  6%] Built target object_recognition_msgs_generate_messages_py
[  6%] Built target visualization_msgs_generate_messages_eus
[  6%] Built target visualization_msgs_generate_messages_py
[  6%] Built target std_msgs_generate_messages_nodejs
[  6%] Built target moveit_msgs_generate_messages_cpp
[  6%] Built target moveit_msgs_generate_messages_eus
[  6%] Built target moveit_msgs_generate_messages_lisp
[  6%] Built target sensor_msgs_generate_messages_cpp
[  6%] Built target sensor_msgs_generate_messages_py
[  6%] Built target shape_msgs_generate_messages_py
[  6%] Built target trajectory_msgs_generate_messages_cpp
[  6%] Built target trajectory_msgs_generate_messages_lisp
[  6%] Built target trajectory_msgs_generate_messages_nodejs
[  6%] Built target octomap_msgs_generate_messages_lisp
[  6%] Built target roscpp_generate_messages_lisp
[  6%] Built target octomap_msgs_generate_messages_py
[  6%] Built target visualization_msgs_generate_messages_lisp
[  8%] Built target gtest
[ 11%] Built target moveit_background_processing
[ 16%] Built target moveit_kinematics_base
[ 16%] Built target moveit_utils
[ 18%] Built target moveit_transforms
[ 21%] Built target moveit_distance_field
[ 32%] Built target moveit_robot_model
[ 34%] Built target moveit_test_utils
[ 40%] Built target moveit_robot_state
[ 42%] Built target moveit_robot_trajectory
[ 44%] Built target moveit_kinematics_metrics
[ 45%] Built target robot_state_benchmark
[ 54%] Built target moveit_collision_detection
[ 57%] Built target moveit_dynamics_solver
[ 63%] Built target moveit_trajectory_processing
[ 67%] Built target moveit_planning_interface
[ 70%] Built target moveit_collision_detection_fcl
[ 77%] Built target moveit_collision_detection_bullet
[ 78%] Built target collision_detector_fcl_plugin
[ 81%] Built target moveit_kinematic_constraints
[ 83%] Built target collision_detector_bullet_plugin
[ 85%] Built target moveit_planning_scene
[ 88%] Built target moveit_planning_request_adapter
[ 93%] Built target moveit_collision_distance_field
[100%] Built target moveit_constraint_samplers
